0 info it worked if it ends with ok
1 verbose cli [ '/Users/iambrandonn/.nvm/versions/io.js/v1.1.0/bin/iojs',
1 verbose cli   '/Users/iambrandonn/.nvm/versions/io.js/v1.1.0/bin/npm',
1 verbose cli   'start' ]
2 info using npm@2.4.1
3 info using node@v1.1.0
4 verbose run-script [ 'prestart', 'start', 'poststart' ]
5 info prestart express@1.0.0
6 info start express@1.0.0
7 verbose unsafe-perm in lifecycle true
8 info express@1.0.0 Failed to exec start script
9 verbose stack Error: express@1.0.0 start: `node main.js`
9 verbose stack Exit status 1
9 verbose stack     at EventEmitter.<anonymous> (/Users/iambrandonn/.nvm/versions/io.js/v1.1.0/lib/node_modules/npm/lib/utils/lifecycle.js:213:16)
9 verbose stack     at EventEmitter.emit (events.js:100:17)
9 verbose stack     at ChildProcess.<anonymous> (/Users/iambrandonn/.nvm/versions/io.js/v1.1.0/lib/node_modules/npm/lib/utils/spawn.js:14:12)
9 verbose stack     at ChildProcess.emit (events.js:100:17)
9 verbose stack     at maybeClose (child_process.js:981:16)
9 verbose stack     at Process.ChildProcess._handle.onexit (child_process.js:1053:5)
10 verbose pkgid express@1.0.0
11 verbose cwd /Users/iambrandonn/Documents/frameworks/express
12 error Darwin 14.1.0
13 error argv "/Users/iambrandonn/.nvm/versions/io.js/v1.1.0/bin/iojs" "/Users/iambrandonn/.nvm/versions/io.js/v1.1.0/bin/npm" "start"
14 error node v1.1.0
15 error npm  v2.4.1
16 error code ELIFECYCLE
17 error express@1.0.0 start: `node main.js`
17 error Exit status 1
18 error Failed at the express@1.0.0 start script 'node main.js'.
18 error This is most likely a problem with the express package,
18 error not with npm itself.
18 error Tell the author that this fails on your system:
18 error     node main.js
18 error You can get their info via:
18 error     npm owner ls express
18 error There is likely additional logging output above.
19 verbose exit [ 1, true ]
